Using pre-set license
Built from '2020.3/staging' branch; Version is '2020.3.10f1 (297d780c91bc) revision 2719096'; Using compiler version '192528614'; Build Type 'Release'
OS: 'Windows 10 Pro; OS build 19044.1645; Version 2009; 64bit' Language: 'es' Physical Memory: 16301 MB
BatchMode: 1, IsHumanControllingUs: 0, StartBugReporterOnCrash: 0, Is64bit: 1, IsPro: 0

 COMMAND LINE ARGUMENTS:
C:\Program Files\Unity\Hub\Editor\2020.3.10f1\Editor\Unity.exe
-adb2
-batchMode
-noUpm
-name
AssetImportWorker0
-projectPath
C:/Users/gonch/Documents/GitHub/Flyweight-Pattern/Flyweight Design Pattern
-logFile
Logs/AssetImportWorker0.log
-srvPort
58092
Successfully changed project path to: C:/Users/gonch/Documents/GitHub/Flyweight-Pattern/Flyweight Design Pattern
C:/Users/gonch/Documents/GitHub/Flyweight-Pattern/Flyweight Design Pattern
Using Asset Import Pipeline V2.
Refreshing native plugins compatible for Editor in 21.11 ms, found 2 plugins.
Preloading 0 native plugins for Editor in 0.00 ms.
Initialize engine version: 2020.3.10f1 (297d780c91bc)
[Subsystems] Discovering subsystems at path C:/Program Files/Unity/Hub/Editor/2020.3.10f1/Editor/Data/Resources/UnitySubsystems
[Subsystems] Discovering subsystems at path C:/Users/gonch/Documents/GitHub/Flyweight-Pattern/Flyweight Design Pattern/Assets
GfxDevice: creating device client; threaded=0
Direct3D:
    Version:  Direct3D 11.0 [level 11.1]
    Renderer: NVIDIA GeForce GTX 1060 6GB (ID=0x1c03)
    Vendor:   
    VRAM:     6052 MB
    Driver:   30.0.14.9729
Initialize mono
Mono path[0] = 'C:/Program Files/Unity/Hub/Editor/2020.3.10f1/Editor/Data/Managed'
Mono path[1] = 'C:/Program Files/Unity/Hub/Editor/2020.3.10f1/Editor/Data/MonoBleedingEdge/lib/mono/unityjit'
Mono config path = 'C:/Program Files/Unity/Hub/Editor/2020.3.10f1/Editor/Data/MonoBleedingEdge/etc'
Using monoOptions --debugger-agent=transport=dt_socket,embedding=1,server=y,suspend=n,address=127.0.0.1:56780
Begin MonoManager ReloadAssembly
Registering precompiled unity dll's ...
Register platform support module: C:/Program Files/Unity/Hub/Editor/2020.3.10f1/Editor/Data/PlaybackEngines/WindowsStandaloneSupport/UnityEditor.WindowsStandalone.Extensions.dll
Registered in 0.002045 seconds.
Native extension for WindowsStandalone target not found
Refreshing native plugins compatible for Editor in 19.05 ms, found 2 plugins.
Preloading 0 native plugins for Editor in 0.00 ms.
Mono: successfully reloaded assembly
- Completed reload, in  1.206 seconds
Platform modules already initialized, skipping
Registering precompiled user dll's ...
Registered in 0.005420 seconds.
Begin MonoManager ReloadAssembly
Native extension for WindowsStandalone target not found
Refreshing native plugins compatible for Editor in 0.32 ms, found 2 plugins.
Preloading 0 native plugins for Editor in 0.00 ms.
Mono: successfully reloaded assembly
- Completed reload, in  0.663 seconds
Platform modules already initialized, skipping
========================================================================
Worker process is ready to serve import requests
Launched and connected shader compiler UnityShaderCompiler.exe after 0.03 seconds
Refreshing native plugins compatible for Editor in 0.30 ms, found 2 plugins.
Preloading 0 native plugins for Editor in 0.00 ms.
Unloading 1395 Unused Serialized files (Serialized files now loaded: 0)
System memory in use before: 65.7 MB.
System memory in use after: 65.7 MB.

Unloading 19 unused Assets to reduce memory usage. Loaded Objects now: 1830.
Total: 1.795900 ms (FindLiveObjects: 0.110400 ms CreateObjectMapping: 0.029300 ms MarkObjects: 1.583600 ms  DeleteObjects: 0.071600 ms)

========================================================================
Received Import Request.
  path: Assets/Sample3/WeaponData.cs
  artifactKey: Guid(1c823988b41cb8642a1c22e6d42115db) Importer(815301076,1909f56bfc062723c751e8b465ee728b)
Start importing Assets/Sample3/WeaponData.cs using Guid(1c823988b41cb8642a1c22e6d42115db) Importer(815301076,1909f56bfc062723c751e8b465ee728b)  -> (artifact id: '5fec3b50efc8b5a2c39f2441e88ee1c1') in 0.023199 seconds
  Import took 0.024889 seconds .

========================================================================
Received Prepare
Refreshing native plugins compatible for Editor in 3.88 ms, found 2 plugins.
Preloading 0 native plugins for Editor in 0.00 ms.
Unloading 12 Unused Serialized files (Serialized files now loaded: 0)
System memory in use before: 37.7 MB.
System memory in use after: 37.8 MB.

Unloading 12 unused Assets to reduce memory usage. Loaded Objects now: 1830.
Total: 1.730700 ms (FindLiveObjects: 0.143600 ms CreateObjectMapping: 0.034200 ms MarkObjects: 1.521700 ms  DeleteObjects: 0.030600 ms)

========================================================================
Received Import Request.
  Time since last request: 42.101227 seconds.
  path: Assets/Sample1/Program.cs
  artifactKey: Guid(6c05284da864c7d4392b438d78ee6c69) Importer(815301076,1909f56bfc062723c751e8b465ee728b)
Start importing Assets/Sample1/Program.cs using Guid(6c05284da864c7d4392b438d78ee6c69) Importer(815301076,1909f56bfc062723c751e8b465ee728b)  -> (artifact id: 'a4f0f486e7b48f59bfdfdbe191bfd9a4') in 0.002985 seconds
  Import took 0.004910 seconds .

AssetImportWorkerClient::OnTransportError - code=2 error=End of file
