Using pre-set license
Built from '2020.3/staging' branch; Version is '2020.3.10f1 (297d780c91bc) revision 2719096'; Using compiler version '192528614'; Build Type 'Release'
OS: 'Windows 10 Pro; OS build 19042.1645; Version 2009; 64bit' Language: 'es' Physical Memory: 16301 MB
BatchMode: 1, IsHumanControllingUs: 0, StartBugReporterOnCrash: 0, Is64bit: 1, IsPro: 0

 COMMAND LINE ARGUMENTS:
C:\Program Files\Unity\Hub\Editor\2020.3.10f1\Editor\Unity.exe
-adb2
-batchMode
-noUpm
-name
AssetImportWorker0
-projectPath
C:/Users/gonch/Documents/GitHub/Flyweight-Pattern/Flyweight Design Pattern
-logFile
Logs/AssetImportWorker0.log
-srvPort
56384
Successfully changed project path to: C:/Users/gonch/Documents/GitHub/Flyweight-Pattern/Flyweight Design Pattern
C:/Users/gonch/Documents/GitHub/Flyweight-Pattern/Flyweight Design Pattern
Using Asset Import Pipeline V2.
Refreshing native plugins compatible for Editor in 23.48 ms, found 2 plugins.
Preloading 0 native plugins for Editor in 0.00 ms.
Initialize engine version: 2020.3.10f1 (297d780c91bc)
[Subsystems] Discovering subsystems at path C:/Program Files/Unity/Hub/Editor/2020.3.10f1/Editor/Data/Resources/UnitySubsystems
[Subsystems] Discovering subsystems at path C:/Users/gonch/Documents/GitHub/Flyweight-Pattern/Flyweight Design Pattern/Assets
GfxDevice: creating device client; threaded=0
Direct3D:
    Version:  Direct3D 11.0 [level 11.1]
    Renderer: NVIDIA GeForce GTX 1060 6GB (ID=0x1c03)
    Vendor:   
    VRAM:     6052 MB
    Driver:   30.0.14.9729
Initialize mono
Mono path[0] = 'C:/Program Files/Unity/Hub/Editor/2020.3.10f1/Editor/Data/Managed'
Mono path[1] = 'C:/Program Files/Unity/Hub/Editor/2020.3.10f1/Editor/Data/MonoBleedingEdge/lib/mono/unityjit'
Mono config path = 'C:/Program Files/Unity/Hub/Editor/2020.3.10f1/Editor/Data/MonoBleedingEdge/etc'
Using monoOptions --debugger-agent=transport=dt_socket,embedding=1,server=y,suspend=n,address=127.0.0.1:56144
Begin MonoManager ReloadAssembly
Registering precompiled unity dll's ...
Register platform support module: C:/Program Files/Unity/Hub/Editor/2020.3.10f1/Editor/Data/PlaybackEngines/WindowsStandaloneSupport/UnityEditor.WindowsStandalone.Extensions.dll
Registered in 0.002122 seconds.
Native extension for WindowsStandalone target not found
Refreshing native plugins compatible for Editor in 19.59 ms, found 2 plugins.
Preloading 0 native plugins for Editor in 0.00 ms.
Mono: successfully reloaded assembly
- Completed reload, in  1.289 seconds
Platform modules already initialized, skipping
Registering precompiled user dll's ...
Registered in 0.005400 seconds.
Begin MonoManager ReloadAssembly
Native extension for WindowsStandalone target not found
Refreshing native plugins compatible for Editor in 0.31 ms, found 2 plugins.
Preloading 0 native plugins for Editor in 0.00 ms.
Mono: successfully reloaded assembly
- Completed reload, in  0.689 seconds
Platform modules already initialized, skipping
========================================================================
Worker process is ready to serve import requests
Launched and connected shader compiler UnityShaderCompiler.exe after 0.03 seconds
Refreshing native plugins compatible for Editor in 0.31 ms, found 2 plugins.
Preloading 0 native plugins for Editor in 0.00 ms.
Unloading 1386 Unused Serialized files (Serialized files now loaded: 0)
System memory in use before: 65.1 MB.
System memory in use after: 65.1 MB.

Unloading 19 unused Assets to reduce memory usage. Loaded Objects now: 1819.
Total: 1.765400 ms (FindLiveObjects: 0.133800 ms CreateObjectMapping: 0.035000 ms MarkObjects: 1.535700 ms  DeleteObjects: 0.060200 ms)

========================================================================
Received Import Request.
  path: Assets
  artifactKey: Guid(00000000000000001000000000000000) Importer(815301076,1909f56bfc062723c751e8b465ee728b)
Start importing Assets using Guid(00000000000000001000000000000000) Importer(815301076,1909f56bfc062723c751e8b465ee728b)  -> (artifact id: '42d402b061de3733987d63b9cc3b64de') in 0.004673 seconds
  Import took 0.006428 seconds .

========================================================================
Received Import Request.
  Time since last request: 13.189419 seconds.
  path: Assets/IGeometry.cs
  artifactKey: Guid(36bacab0a9274a0488e6f31f45126c27) Importer(815301076,1909f56bfc062723c751e8b465ee728b)
Start importing Assets/IGeometry.cs using Guid(36bacab0a9274a0488e6f31f45126c27) Importer(815301076,1909f56bfc062723c751e8b465ee728b)  -> (artifact id: '0fac1175673f4403991f79249dccbcd9') in 0.021872 seconds
  Import took 0.024127 seconds .

========================================================================
Received Import Request.
  Time since last request: 0.042845 seconds.
  path: Assets/IGeometry.cs
  artifactKey: Guid(36bacab0a9274a0488e6f31f45126c27) Importer(815301076,1909f56bfc062723c751e8b465ee728b)
Start importing Assets/IGeometry.cs using Guid(36bacab0a9274a0488e6f31f45126c27) Importer(815301076,1909f56bfc062723c751e8b465ee728b)  -> (artifact id: '0fac1175673f4403991f79249dccbcd9') in 0.002516 seconds
  Import took 0.004256 seconds .

========================================================================
Received Prepare
Registering precompiled user dll's ...
Registered in 0.004370 seconds.
Begin MonoManager ReloadAssembly
Native extension for WindowsStandalone target not found
Refreshing native plugins compatible for Editor in 0.31 ms, found 2 plugins.
Preloading 0 native plugins for Editor in 0.00 ms.
Mono: successfully reloaded assembly
- Completed reload, in  0.637 seconds
Platform modules already initialized, skipping
Refreshing native plugins compatible for Editor in 0.25 ms, found 2 plugins.
Preloading 0 native plugins for Editor in 0.00 ms.
Unloading 1382 Unused Serialized files (Serialized files now loaded: 0)
System memory in use before: 65.0 MB.
System memory in use after: 65.1 MB.

Unloading 14 unused Assets to reduce memory usage. Loaded Objects now: 1823.
Total: 1.648800 ms (FindLiveObjects: 0.123200 ms CreateObjectMapping: 0.033400 ms MarkObjects: 1.457200 ms  DeleteObjects: 0.034200 ms)

========================================================================
Received Prepare
Registering precompiled user dll's ...
Registered in 0.004909 seconds.
Begin MonoManager ReloadAssembly
Native extension for WindowsStandalone target not found
Refreshing native plugins compatible for Editor in 0.32 ms, found 2 plugins.
Preloading 0 native plugins for Editor in 0.00 ms.
Mono: successfully reloaded assembly
- Completed reload, in  0.638 seconds
Platform modules already initialized, skipping
Refreshing native plugins compatible for Editor in 0.25 ms, found 2 plugins.
Preloading 0 native plugins for Editor in 0.00 ms.
Unloading 1382 Unused Serialized files (Serialized files now loaded: 0)
System memory in use before: 65.1 MB.
System memory in use after: 65.2 MB.

Unloading 14 unused Assets to reduce memory usage. Loaded Objects now: 1826.
Total: 1.660500 ms (FindLiveObjects: 0.125900 ms CreateObjectMapping: 0.037200 ms MarkObjects: 1.467700 ms  DeleteObjects: 0.028600 ms)

========================================================================
Received Import Request.
  Time since last request: 38.553281 seconds.
  path: Assets/IGeometry.cs
  artifactKey: Guid(36bacab0a9274a0488e6f31f45126c27) Importer(815301076,1909f56bfc062723c751e8b465ee728b)
Start importing Assets/IGeometry.cs using Guid(36bacab0a9274a0488e6f31f45126c27) Importer(815301076,1909f56bfc062723c751e8b465ee728b)  -> (artifact id: '55d24e1271e2c3b73e4d03250bb3ed36') in 0.004391 seconds
  Import took 0.005814 seconds .

========================================================================
Received Import Request.
  Time since last request: 9.985997 seconds.
  path: Assets/Rectangle.cs
  artifactKey: Guid(0394eee53a2cca144af64d963ecbc2b8) Importer(815301076,1909f56bfc062723c751e8b465ee728b)
Start importing Assets/Rectangle.cs using Guid(0394eee53a2cca144af64d963ecbc2b8) Importer(815301076,1909f56bfc062723c751e8b465ee728b)  -> (artifact id: 'ac7fcf2ed14c8b67157915de29e71f59') in 0.003442 seconds
  Import took 0.005481 seconds .

========================================================================
Received Prepare
Registering precompiled user dll's ...
Registered in 0.004843 seconds.
Begin MonoManager ReloadAssembly
Native extension for WindowsStandalone target not found
Refreshing native plugins compatible for Editor in 0.48 ms, found 2 plugins.
Preloading 0 native plugins for Editor in 0.00 ms.
Mono: successfully reloaded assembly
- Completed reload, in  0.664 seconds
Platform modules already initialized, skipping
Refreshing native plugins compatible for Editor in 0.31 ms, found 2 plugins.
Preloading 0 native plugins for Editor in 0.00 ms.
Unloading 1383 Unused Serialized files (Serialized files now loaded: 0)
System memory in use before: 65.1 MB.
System memory in use after: 65.2 MB.

Unloading 14 unused Assets to reduce memory usage. Loaded Objects now: 1830.
Total: 2.512800 ms (FindLiveObjects: 0.330000 ms CreateObjectMapping: 0.078900 ms MarkObjects: 2.045100 ms  DeleteObjects: 0.057900 ms)

========================================================================
Received Prepare
Registering precompiled user dll's ...
Registered in 0.004854 seconds.
Begin MonoManager ReloadAssembly
Native extension for WindowsStandalone target not found
Refreshing native plugins compatible for Editor in 0.31 ms, found 2 plugins.
Preloading 0 native plugins for Editor in 0.00 ms.
Mono: successfully reloaded assembly
- Completed reload, in  0.642 seconds
Platform modules already initialized, skipping
Refreshing native plugins compatible for Editor in 0.25 ms, found 2 plugins.
Preloading 0 native plugins for Editor in 0.00 ms.
Unloading 1383 Unused Serialized files (Serialized files now loaded: 0)
System memory in use before: 65.1 MB.
System memory in use after: 65.2 MB.

Unloading 14 unused Assets to reduce memory usage. Loaded Objects now: 1833.
Total: 1.907300 ms (FindLiveObjects: 0.153900 ms CreateObjectMapping: 0.047200 ms MarkObjects: 1.665400 ms  DeleteObjects: 0.040100 ms)

========================================================================
Received Import Request.
  Time since last request: 81.815236 seconds.
  path: Assets/Rectangle.cs
  artifactKey: Guid(0394eee53a2cca144af64d963ecbc2b8) Importer(815301076,1909f56bfc062723c751e8b465ee728b)
Start importing Assets/Rectangle.cs using Guid(0394eee53a2cca144af64d963ecbc2b8) Importer(815301076,1909f56bfc062723c751e8b465ee728b)  -> (artifact id: '1c8daee80e7fc29595cb496cf66cd419') in 0.004582 seconds
  Import took 0.006094 seconds .

========================================================================
Received Import Request.
  Time since last request: 2.146633 seconds.
  path: Assets/New Folder
  artifactKey: Guid(9d0c1d6b8089ee24084ea19dec32aea2) Importer(815301076,1909f56bfc062723c751e8b465ee728b)
Start importing Assets/New Folder using Guid(9d0c1d6b8089ee24084ea19dec32aea2) Importer(815301076,1909f56bfc062723c751e8b465ee728b)  -> (artifact id: '58de09686661eae0eda5e7e2367964d3') in 0.003249 seconds
  Import took 0.005109 seconds .

========================================================================
Received Import Request.
  Time since last request: 9.466925 seconds.
  path: Assets/Square.cs
  artifactKey: Guid(df5dcdb362905354185d2b012d301439) Importer(815301076,1909f56bfc062723c751e8b465ee728b)
Start importing Assets/Square.cs using Guid(df5dcdb362905354185d2b012d301439) Importer(815301076,1909f56bfc062723c751e8b465ee728b)  -> (artifact id: 'bea342352a069b7c41bb9a754c810a0f') in 0.003075 seconds
  Import took 0.004897 seconds .

========================================================================
Received Prepare
Registering precompiled user dll's ...
Registered in 0.005073 seconds.
Begin MonoManager ReloadAssembly
Native extension for WindowsStandalone target not found
Refreshing native plugins compatible for Editor in 0.31 ms, found 2 plugins.
Preloading 0 native plugins for Editor in 0.00 ms.
Mono: successfully reloaded assembly
- Completed reload, in  0.665 seconds
Platform modules already initialized, skipping
Refreshing native plugins compatible for Editor in 0.27 ms, found 2 plugins.
Preloading 0 native plugins for Editor in 0.00 ms.
Unloading 1384 Unused Serialized files (Serialized files now loaded: 0)
System memory in use before: 65.2 MB.
System memory in use after: 65.2 MB.

Unloading 14 unused Assets to reduce memory usage. Loaded Objects now: 1837.
Total: 1.643300 ms (FindLiveObjects: 0.129800 ms CreateObjectMapping: 0.033000 ms MarkObjects: 1.449400 ms  DeleteObjects: 0.030600 ms)

========================================================================
Received Prepare
Registering precompiled user dll's ...
Registered in 0.004895 seconds.
Begin MonoManager ReloadAssembly
Native extension for WindowsStandalone target not found
Refreshing native plugins compatible for Editor in 0.31 ms, found 2 plugins.
Preloading 0 native plugins for Editor in 0.00 ms.
Mono: successfully reloaded assembly
- Completed reload, in  0.641 seconds
Platform modules already initialized, skipping
Refreshing native plugins compatible for Editor in 0.23 ms, found 2 plugins.
Preloading 0 native plugins for Editor in 0.00 ms.
Unloading 1384 Unused Serialized files (Serialized files now loaded: 0)
System memory in use before: 65.2 MB.
System memory in use after: 65.2 MB.

Unloading 14 unused Assets to reduce memory usage. Loaded Objects now: 1840.
Total: 1.652200 ms (FindLiveObjects: 0.129300 ms CreateObjectMapping: 0.036900 ms MarkObjects: 1.452100 ms  DeleteObjects: 0.033000 ms)

========================================================================
Received Import Request.
  Time since last request: 115.385628 seconds.
  path: Assets/Square.cs
  artifactKey: Guid(df5dcdb362905354185d2b012d301439) Importer(815301076,1909f56bfc062723c751e8b465ee728b)
Start importing Assets/Square.cs using Guid(df5dcdb362905354185d2b012d301439) Importer(815301076,1909f56bfc062723c751e8b465ee728b)  -> (artifact id: '54436d9fcf76bc2a87f814542e2fdc0e') in 0.004315 seconds
  Import took 0.005768 seconds .

========================================================================
Received Import Request.
  Time since last request: 8.491777 seconds.
  path: Assets/GeometryFActory.cs
  artifactKey: Guid(1ed9e3ddd2290114893cd9b3a6170980) Importer(815301076,1909f56bfc062723c751e8b465ee728b)
Start importing Assets/GeometryFActory.cs using Guid(1ed9e3ddd2290114893cd9b3a6170980) Importer(815301076,1909f56bfc062723c751e8b465ee728b)  -> (artifact id: '115a49ab6243e614235be2b52a10a8c9') in 0.002874 seconds
  Import took 0.004715 seconds .

========================================================================
Received Prepare
Registering precompiled user dll's ...
Registered in 0.004943 seconds.
Begin MonoManager ReloadAssembly
Native extension for WindowsStandalone target not found
Refreshing native plugins compatible for Editor in 0.32 ms, found 2 plugins.
Preloading 0 native plugins for Editor in 0.00 ms.
Mono: successfully reloaded assembly
- Completed reload, in  0.657 seconds
Platform modules already initialized, skipping
Refreshing native plugins compatible for Editor in 0.28 ms, found 2 plugins.
Preloading 0 native plugins for Editor in 0.00 ms.
Unloading 1385 Unused Serialized files (Serialized files now loaded: 0)
System memory in use before: 65.2 MB.
System memory in use after: 65.3 MB.

Unloading 14 unused Assets to reduce memory usage. Loaded Objects now: 1844.
Total: 1.762600 ms (FindLiveObjects: 0.143800 ms CreateObjectMapping: 0.033200 ms MarkObjects: 1.551800 ms  DeleteObjects: 0.033000 ms)

========================================================================
Received Prepare
Registering precompiled user dll's ...
Registered in 0.005161 seconds.
Begin MonoManager ReloadAssembly
Native extension for WindowsStandalone target not found
Refreshing native plugins compatible for Editor in 0.31 ms, found 2 plugins.
Preloading 0 native plugins for Editor in 0.00 ms.
Mono: successfully reloaded assembly
- Completed reload, in  0.639 seconds
Platform modules already initialized, skipping
Refreshing native plugins compatible for Editor in 0.25 ms, found 2 plugins.
Preloading 0 native plugins for Editor in 0.00 ms.
Unloading 1385 Unused Serialized files (Serialized files now loaded: 0)
System memory in use before: 65.2 MB.
System memory in use after: 65.3 MB.

Unloading 14 unused Assets to reduce memory usage. Loaded Objects now: 1847.
Total: 1.748100 ms (FindLiveObjects: 0.149000 ms CreateObjectMapping: 0.035900 ms MarkObjects: 1.527400 ms  DeleteObjects: 0.034900 ms)

========================================================================
Received Import Request.
  Time since last request: 346.293152 seconds.
  path: Assets/GeometryFActory.cs
  artifactKey: Guid(1ed9e3ddd2290114893cd9b3a6170980) Importer(815301076,1909f56bfc062723c751e8b465ee728b)
Start importing Assets/GeometryFActory.cs using Guid(1ed9e3ddd2290114893cd9b3a6170980) Importer(815301076,1909f56bfc062723c751e8b465ee728b)  -> (artifact id: 'e312f739e97c7be718073cd5e3b34c02') in 0.004490 seconds
  Import took 0.006015 seconds .

========================================================================
Received Import Request.
  Time since last request: 5.875543 seconds.
  path: Assets/Program.cs
  artifactKey: Guid(6c05284da864c7d4392b438d78ee6c69) Importer(815301076,1909f56bfc062723c751e8b465ee728b)
Start importing Assets/Program.cs using Guid(6c05284da864c7d4392b438d78ee6c69) Importer(815301076,1909f56bfc062723c751e8b465ee728b)  -> (artifact id: 'a9a4ac34ae7bfeee34c3c335bc8dd681') in 0.002840 seconds
  Import took 0.004758 seconds .

========================================================================
Received Prepare
Registering precompiled user dll's ...
Registered in 0.004991 seconds.
Begin MonoManager ReloadAssembly
Native extension for WindowsStandalone target not found
Refreshing native plugins compatible for Editor in 0.31 ms, found 2 plugins.
Preloading 0 native plugins for Editor in 0.00 ms.
Mono: successfully reloaded assembly
- Completed reload, in  0.644 seconds
Platform modules already initialized, skipping
Refreshing native plugins compatible for Editor in 0.28 ms, found 2 plugins.
Preloading 0 native plugins for Editor in 0.00 ms.
Unloading 1386 Unused Serialized files (Serialized files now loaded: 0)
System memory in use before: 65.2 MB.
System memory in use after: 65.3 MB.

Unloading 14 unused Assets to reduce memory usage. Loaded Objects now: 1851.
Total: 1.718500 ms (FindLiveObjects: 0.151100 ms CreateObjectMapping: 0.035600 ms MarkObjects: 1.497600 ms  DeleteObjects: 0.033700 ms)

========================================================================
Received Prepare
Registering precompiled user dll's ...
Registered in 0.004898 seconds.
Begin MonoManager ReloadAssembly
Native extension for WindowsStandalone target not found
Refreshing native plugins compatible for Editor in 0.32 ms, found 2 plugins.
Preloading 0 native plugins for Editor in 0.00 ms.
Mono: successfully reloaded assembly
- Completed reload, in  0.633 seconds
Platform modules already initialized, skipping
Refreshing native plugins compatible for Editor in 0.26 ms, found 2 plugins.
Preloading 0 native plugins for Editor in 0.00 ms.
Unloading 1386 Unused Serialized files (Serialized files now loaded: 0)
System memory in use before: 65.2 MB.
System memory in use after: 65.3 MB.

Unloading 14 unused Assets to reduce memory usage. Loaded Objects now: 1854.
Total: 1.637500 ms (FindLiveObjects: 0.147100 ms CreateObjectMapping: 0.036900 ms MarkObjects: 1.425900 ms  DeleteObjects: 0.026900 ms)

========================================================================
Received Import Request.
  Time since last request: 103.294648 seconds.
  path: Assets/Program.cs
  artifactKey: Guid(6c05284da864c7d4392b438d78ee6c69) Importer(815301076,1909f56bfc062723c751e8b465ee728b)
Start importing Assets/Program.cs using Guid(6c05284da864c7d4392b438d78ee6c69) Importer(815301076,1909f56bfc062723c751e8b465ee728b)  -> (artifact id: 'd67e53997ee8ab1c75ea03fe9e631ac1') in 0.004570 seconds
  Import took 0.006157 seconds .

========================================================================
Received Prepare
Registering precompiled user dll's ...
Registered in 0.005770 seconds.
Begin MonoManager ReloadAssembly
Native extension for WindowsStandalone target not found
Refreshing native plugins compatible for Editor in 0.36 ms, found 2 plugins.
Preloading 0 native plugins for Editor in 0.00 ms.
Mono: successfully reloaded assembly
- Completed reload, in  0.679 seconds
Platform modules already initialized, skipping
Refreshing native plugins compatible for Editor in 0.26 ms, found 2 plugins.
Preloading 0 native plugins for Editor in 0.00 ms.
Unloading 1386 Unused Serialized files (Serialized files now loaded: 0)
System memory in use before: 65.2 MB.
System memory in use after: 65.3 MB.

Unloading 14 unused Assets to reduce memory usage. Loaded Objects now: 1857.
Total: 1.704200 ms (FindLiveObjects: 0.126200 ms CreateObjectMapping: 0.032500 ms MarkObjects: 1.517100 ms  DeleteObjects: 0.027800 ms)

========================================================================
Received Prepare
Registering precompiled user dll's ...
Registered in 0.004473 seconds.
Begin MonoManager ReloadAssembly
Native extension for WindowsStandalone target not found
Refreshing native plugins compatible for Editor in 0.32 ms, found 2 plugins.
Preloading 0 native plugins for Editor in 0.00 ms.
Mono: successfully reloaded assembly
- Completed reload, in  0.639 seconds
Platform modules already initialized, skipping
Refreshing native plugins compatible for Editor in 0.24 ms, found 2 plugins.
Preloading 0 native plugins for Editor in 0.00 ms.
Unloading 1386 Unused Serialized files (Serialized files now loaded: 0)
System memory in use before: 65.2 MB.
System memory in use after: 65.3 MB.

Unloading 14 unused Assets to reduce memory usage. Loaded Objects now: 1860.
Total: 1.749800 ms (FindLiveObjects: 0.146000 ms CreateObjectMapping: 0.038200 ms MarkObjects: 1.526600 ms  DeleteObjects: 0.038100 ms)

========================================================================
Received Prepare
Registering precompiled user dll's ...
Registered in 0.004475 seconds.
Begin MonoManager ReloadAssembly
Native extension for WindowsStandalone target not found
Refreshing native plugins compatible for Editor in 0.32 ms, found 2 plugins.
Preloading 0 native plugins for Editor in 0.00 ms.
Mono: successfully reloaded assembly
- Completed reload, in  0.644 seconds
Platform modules already initialized, skipping
Refreshing native plugins compatible for Editor in 0.29 ms, found 2 plugins.
Preloading 0 native plugins for Editor in 0.00 ms.
Unloading 1386 Unused Serialized files (Serialized files now loaded: 0)
System memory in use before: 65.2 MB.
System memory in use after: 65.3 MB.

Unloading 14 unused Assets to reduce memory usage. Loaded Objects now: 1863.
Total: 1.769900 ms (FindLiveObjects: 0.147200 ms CreateObjectMapping: 0.034600 ms MarkObjects: 1.552900 ms  DeleteObjects: 0.034500 ms)

========================================================================
Received Prepare
Registering precompiled user dll's ...
Registered in 0.005031 seconds.
Begin MonoManager ReloadAssembly
Native extension for WindowsStandalone target not found
Refreshing native plugins compatible for Editor in 0.31 ms, found 2 plugins.
Preloading 0 native plugins for Editor in 0.00 ms.
Mono: successfully reloaded assembly
- Completed reload, in  0.637 seconds
Platform modules already initialized, skipping
Refreshing native plugins compatible for Editor in 0.26 ms, found 2 plugins.
Preloading 0 native plugins for Editor in 0.00 ms.
Unloading 1387 Unused Serialized files (Serialized files now loaded: 0)
System memory in use before: 65.3 MB.
System memory in use after: 65.3 MB.

Unloading 14 unused Assets to reduce memory usage. Loaded Objects now: 1867.
Total: 1.661200 ms (FindLiveObjects: 0.129500 ms CreateObjectMapping: 0.033300 ms MarkObjects: 1.463100 ms  DeleteObjects: 0.034800 ms)

========================================================================
Received Prepare
Registering precompiled user dll's ...
Registered in 0.004970 seconds.
Begin MonoManager ReloadAssembly
Native extension for WindowsStandalone target not found
Refreshing native plugins compatible for Editor in 0.32 ms, found 2 plugins.
Preloading 0 native plugins for Editor in 0.00 ms.
Mono: successfully reloaded assembly
- Completed reload, in  0.638 seconds
Platform modules already initialized, skipping
Refreshing native plugins compatible for Editor in 0.29 ms, found 2 plugins.
Preloading 0 native plugins for Editor in 0.00 ms.
Unloading 1387 Unused Serialized files (Serialized files now loaded: 0)
System memory in use before: 65.3 MB.
System memory in use after: 65.4 MB.

Unloading 14 unused Assets to reduce memory usage. Loaded Objects now: 1870.
Total: 1.780900 ms (FindLiveObjects: 0.154600 ms CreateObjectMapping: 0.032300 ms MarkObjects: 1.552800 ms  DeleteObjects: 0.040500 ms)

========================================================================
Received Prepare
Registering precompiled user dll's ...
Registered in 0.006029 seconds.
Begin MonoManager ReloadAssembly
Native extension for WindowsStandalone target not found
Refreshing native plugins compatible for Editor in 0.31 ms, found 2 plugins.
Preloading 0 native plugins for Editor in 0.00 ms.
Mono: successfully reloaded assembly
- Completed reload, in  0.634 seconds
Platform modules already initialized, skipping
Refreshing native plugins compatible for Editor in 0.22 ms, found 2 plugins.
Preloading 0 native plugins for Editor in 0.00 ms.
Unloading 1387 Unused Serialized files (Serialized files now loaded: 0)
System memory in use before: 65.3 MB.
System memory in use after: 65.4 MB.

Unloading 14 unused Assets to reduce memory usage. Loaded Objects now: 1873.
Total: 1.644100 ms (FindLiveObjects: 0.141200 ms CreateObjectMapping: 0.036200 ms MarkObjects: 1.436000 ms  DeleteObjects: 0.030100 ms)

========================================================================
Received Import Request.
  Time since last request: 2254.998039 seconds.
  path: Assets/Sample1
  artifactKey: Guid(42e077371d434ec408397c20576ce043) Importer(815301076,1909f56bfc062723c751e8b465ee728b)
Start importing Assets/Sample1 using Guid(42e077371d434ec408397c20576ce043) Importer(815301076,1909f56bfc062723c751e8b465ee728b)  -> (artifact id: 'bca8d8475336b5798e0a1254bda9c899') in 0.004613 seconds
  Import took 0.006234 seconds .

========================================================================
Received Prepare
Registering precompiled user dll's ...
Registered in 0.005490 seconds.
Begin MonoManager ReloadAssembly
Native extension for WindowsStandalone target not found
Refreshing native plugins compatible for Editor in 0.31 ms, found 2 plugins.
Preloading 0 native plugins for Editor in 0.00 ms.
Mono: successfully reloaded assembly
- Completed reload, in  0.649 seconds
Platform modules already initialized, skipping
Refreshing native plugins compatible for Editor in 0.28 ms, found 2 plugins.
Preloading 0 native plugins for Editor in 0.00 ms.
Unloading 1387 Unused Serialized files (Serialized files now loaded: 0)
System memory in use before: 65.3 MB.
System memory in use after: 65.4 MB.

Unloading 14 unused Assets to reduce memory usage. Loaded Objects now: 1876.
Total: 1.680500 ms (FindLiveObjects: 0.136000 ms CreateObjectMapping: 0.036300 ms MarkObjects: 1.474400 ms  DeleteObjects: 0.033100 ms)

========================================================================
Received Import Request.
  Time since last request: 11.209001 seconds.
  path: Assets/Sample2
  artifactKey: Guid(910f892c2bc85c4489b09ed79d19ace8) Importer(815301076,1909f56bfc062723c751e8b465ee728b)
Start importing Assets/Sample2 using Guid(910f892c2bc85c4489b09ed79d19ace8) Importer(815301076,1909f56bfc062723c751e8b465ee728b)  -> (artifact id: '28fb6d5cd45ffde46b55f5ab6ef58a4f') in 0.005292 seconds
  Import took 0.007491 seconds .

========================================================================
Received Prepare
Registering precompiled user dll's ...
Registered in 0.004919 seconds.
Begin MonoManager ReloadAssembly
Native extension for WindowsStandalone target not found
Refreshing native plugins compatible for Editor in 0.35 ms, found 2 plugins.
Preloading 0 native plugins for Editor in 0.00 ms.
Mono: successfully reloaded assembly
- Completed reload, in  0.648 seconds
Platform modules already initialized, skipping
Refreshing native plugins compatible for Editor in 0.28 ms, found 2 plugins.
Preloading 0 native plugins for Editor in 0.00 ms.
Unloading 1387 Unused Serialized files (Serialized files now loaded: 0)
System memory in use before: 65.3 MB.
System memory in use after: 65.4 MB.

Unloading 14 unused Assets to reduce memory usage. Loaded Objects now: 1879.
Total: 1.789500 ms (FindLiveObjects: 0.160200 ms CreateObjectMapping: 0.039500 ms MarkObjects: 1.552400 ms  DeleteObjects: 0.036800 ms)

========================================================================
Received Prepare
Registering precompiled user dll's ...
Registered in 0.006395 seconds.
Begin MonoManager ReloadAssembly
Native extension for WindowsStandalone target not found
Refreshing native plugins compatible for Editor in 0.32 ms, found 2 plugins.
Preloading 0 native plugins for Editor in 0.00 ms.
Mono: successfully reloaded assembly
- Completed reload, in  0.783 seconds
Platform modules already initialized, skipping
Refreshing native plugins compatible for Editor in 0.42 ms, found 2 plugins.
Preloading 0 native plugins for Editor in 0.00 ms.
Unloading 1387 Unused Serialized files (Serialized files now loaded: 0)
System memory in use before: 65.3 MB.
System memory in use after: 65.4 MB.

Unloading 14 unused Assets to reduce memory usage. Loaded Objects now: 1882.
Total: 1.982700 ms (FindLiveObjects: 0.166200 ms CreateObjectMapping: 0.040900 ms MarkObjects: 1.734400 ms  DeleteObjects: 0.040300 ms)

========================================================================
Received Prepare
Registering precompiled user dll's ...
Registered in 0.005659 seconds.
Begin MonoManager ReloadAssembly
Native extension for WindowsStandalone target not found
Refreshing native plugins compatible for Editor in 0.32 ms, found 2 plugins.
Preloading 0 native plugins for Editor in 0.00 ms.
Mono: successfully reloaded assembly
- Completed reload, in  0.651 seconds
Platform modules already initialized, skipping
Refreshing native plugins compatible for Editor in 0.32 ms, found 2 plugins.
Preloading 0 native plugins for Editor in 0.00 ms.
Unloading 1387 Unused Serialized files (Serialized files now loaded: 0)
System memory in use before: 65.3 MB.
System memory in use after: 65.4 MB.

Unloading 14 unused Assets to reduce memory usage. Loaded Objects now: 1885.
Total: 1.837100 ms (FindLiveObjects: 0.144600 ms CreateObjectMapping: 0.034900 ms MarkObjects: 1.623200 ms  DeleteObjects: 0.033600 ms)

========================================================================
Received Prepare
Registering precompiled user dll's ...
Registered in 0.004664 seconds.
Begin MonoManager ReloadAssembly
Native extension for WindowsStandalone target not found
Refreshing native plugins compatible for Editor in 0.31 ms, found 2 plugins.
Preloading 0 native plugins for Editor in 0.00 ms.
Mono: successfully reloaded assembly
- Completed reload, in  0.638 seconds
Platform modules already initialized, skipping
Refreshing native plugins compatible for Editor in 0.23 ms, found 2 plugins.
Preloading 0 native plugins for Editor in 0.00 ms.
Unloading 1387 Unused Serialized files (Serialized files now loaded: 0)
System memory in use before: 65.3 MB.
System memory in use after: 65.4 MB.

Unloading 14 unused Assets to reduce memory usage. Loaded Objects now: 1888.
Total: 1.612000 ms (FindLiveObjects: 0.123900 ms CreateObjectMapping: 0.032400 ms MarkObjects: 1.425000 ms  DeleteObjects: 0.030200 ms)

========================================================================
Received Prepare
Registering precompiled user dll's ...
Registered in 0.006569 seconds.
Begin MonoManager ReloadAssembly
Native extension for WindowsStandalone target not found
Refreshing native plugins compatible for Editor in 0.34 ms, found 2 plugins.
Preloading 0 native plugins for Editor in 0.00 ms.
Mono: successfully reloaded assembly
- Completed reload, in  0.797 seconds
Platform modules already initialized, skipping
Refreshing native plugins compatible for Editor in 0.34 ms, found 2 plugins.
Preloading 0 native plugins for Editor in 0.00 ms.
Unloading 1387 Unused Serialized files (Serialized files now loaded: 0)
System memory in use before: 65.3 MB.
System memory in use after: 65.4 MB.

Unloading 14 unused Assets to reduce memory usage. Loaded Objects now: 1891.
Total: 1.930200 ms (FindLiveObjects: 0.179700 ms CreateObjectMapping: 0.051400 ms MarkObjects: 1.657500 ms  DeleteObjects: 0.040900 ms)

========================================================================
Received Prepare
Registering precompiled user dll's ...
Registered in 0.004558 seconds.
Begin MonoManager ReloadAssembly
Native extension for WindowsStandalone target not found
Refreshing native plugins compatible for Editor in 0.31 ms, found 2 plugins.
Preloading 0 native plugins for Editor in 0.00 ms.
Mono: successfully reloaded assembly
- Completed reload, in  0.635 seconds
Platform modules already initialized, skipping
Refreshing native plugins compatible for Editor in 0.25 ms, found 2 plugins.
Preloading 0 native plugins for Editor in 0.00 ms.
Unloading 1387 Unused Serialized files (Serialized files now loaded: 0)
System memory in use before: 65.3 MB.
System memory in use after: 65.4 MB.

Unloading 14 unused Assets to reduce memory usage. Loaded Objects now: 1894.
Total: 1.837500 ms (FindLiveObjects: 0.150300 ms CreateObjectMapping: 0.034600 ms MarkObjects: 1.619900 ms  DeleteObjects: 0.032100 ms)

========================================================================
Received Prepare
Registering precompiled user dll's ...
Registered in 0.004679 seconds.
Begin MonoManager ReloadAssembly
Native extension for WindowsStandalone target not found
Refreshing native plugins compatible for Editor in 0.32 ms, found 2 plugins.
Preloading 0 native plugins for Editor in 0.00 ms.
Mono: successfully reloaded assembly
- Completed reload, in  0.639 seconds
Platform modules already initialized, skipping
Refreshing native plugins compatible for Editor in 0.28 ms, found 2 plugins.
Preloading 0 native plugins for Editor in 0.00 ms.
Unloading 1387 Unused Serialized files (Serialized files now loaded: 0)
System memory in use before: 65.3 MB.
System memory in use after: 65.4 MB.

Unloading 14 unused Assets to reduce memory usage. Loaded Objects now: 1897.
Total: 1.792100 ms (FindLiveObjects: 0.151700 ms CreateObjectMapping: 0.041900 ms MarkObjects: 1.564600 ms  DeleteObjects: 0.033100 ms)

========================================================================
Received Prepare
Registering precompiled user dll's ...
Registered in 0.005471 seconds.
Begin MonoManager ReloadAssembly
Native extension for WindowsStandalone target not found
Refreshing native plugins compatible for Editor in 0.31 ms, found 2 plugins.
Preloading 0 native plugins for Editor in 0.00 ms.
Mono: successfully reloaded assembly
- Completed reload, in  0.643 seconds
Platform modules already initialized, skipping
Refreshing native plugins compatible for Editor in 0.30 ms, found 2 plugins.
Preloading 0 native plugins for Editor in 0.00 ms.
Unloading 1387 Unused Serialized files (Serialized files now loaded: 0)
System memory in use before: 65.3 MB.
System memory in use after: 65.4 MB.

Unloading 14 unused Assets to reduce memory usage. Loaded Objects now: 1900.
Total: 1.615900 ms (FindLiveObjects: 0.145400 ms CreateObjectMapping: 0.027300 ms MarkObjects: 1.403300 ms  DeleteObjects: 0.039300 ms)

========================================================================
Received Prepare
Registering precompiled user dll's ...
Registered in 0.005127 seconds.
Begin MonoManager ReloadAssembly
Native extension for WindowsStandalone target not found
Refreshing native plugins compatible for Editor in 0.31 ms, found 2 plugins.
Preloading 0 native plugins for Editor in 0.00 ms.
Mono: successfully reloaded assembly
- Completed reload, in  0.634 seconds
Platform modules already initialized, skipping
Refreshing native plugins compatible for Editor in 0.25 ms, found 2 plugins.
Preloading 0 native plugins for Editor in 0.00 ms.
Unloading 1387 Unused Serialized files (Serialized files now loaded: 0)
System memory in use before: 65.3 MB.
System memory in use after: 65.4 MB.

Unloading 14 unused Assets to reduce memory usage. Loaded Objects now: 1903.
Total: 1.727300 ms (FindLiveObjects: 0.155200 ms CreateObjectMapping: 0.045800 ms MarkObjects: 1.494300 ms  DeleteObjects: 0.031300 ms)

========================================================================
Received Prepare
Registering precompiled user dll's ...
Registered in 0.007002 seconds.
Begin MonoManager ReloadAssembly
Native extension for WindowsStandalone target not found
Refreshing native plugins compatible for Editor in 0.39 ms, found 2 plugins.
Preloading 0 native plugins for Editor in 0.00 ms.
Mono: successfully reloaded assembly
- Completed reload, in  0.880 seconds
Platform modules already initialized, skipping
Refreshing native plugins compatible for Editor in 0.39 ms, found 2 plugins.
Preloading 0 native plugins for Editor in 0.00 ms.
Unloading 1387 Unused Serialized files (Serialized files now loaded: 0)
System memory in use before: 65.3 MB.
System memory in use after: 65.4 MB.

Unloading 14 unused Assets to reduce memory usage. Loaded Objects now: 1906.
Total: 2.966400 ms (FindLiveObjects: 0.266500 ms CreateObjectMapping: 0.075700 ms MarkObjects: 2.571700 ms  DeleteObjects: 0.051200 ms)

========================================================================
Received Prepare
Registering precompiled user dll's ...
Registered in 0.006800 seconds.
Begin MonoManager ReloadAssembly
Native extension for WindowsStandalone target not found
Refreshing native plugins compatible for Editor in 0.33 ms, found 2 plugins.
Preloading 0 native plugins for Editor in 0.00 ms.
Mono: successfully reloaded assembly
- Completed reload, in  0.768 seconds
Platform modules already initialized, skipping
Refreshing native plugins compatible for Editor in 0.33 ms, found 2 plugins.
Preloading 0 native plugins for Editor in 0.00 ms.
Unloading 1387 Unused Serialized files (Serialized files now loaded: 0)
System memory in use before: 65.3 MB.
System memory in use after: 65.4 MB.

Unloading 14 unused Assets to reduce memory usage. Loaded Objects now: 1909.
Total: 1.991500 ms (FindLiveObjects: 0.162000 ms CreateObjectMapping: 0.039300 ms MarkObjects: 1.734100 ms  DeleteObjects: 0.055300 ms)

========================================================================
Received Import Request.
  Time since last request: 1037.626196 seconds.
  path: Assets/Sample2/ChangeColor.cs
  artifactKey: Guid(a80278d3760b8de41991f3fc8b8f3910) Importer(815301076,1909f56bfc062723c751e8b465ee728b)
Start importing Assets/Sample2/ChangeColor.cs using Guid(a80278d3760b8de41991f3fc8b8f3910) Importer(815301076,1909f56bfc062723c751e8b465ee728b)  -> (artifact id: '4ff11438ada834a4293e1f0300f16a5b') in 0.005250 seconds
  Import took 0.007228 seconds .

========================================================================
Received Prepare
Registering precompiled user dll's ...
Registered in 0.004439 seconds.
Begin MonoManager ReloadAssembly
Native extension for WindowsStandalone target not found
Refreshing native plugins compatible for Editor in 0.31 ms, found 2 plugins.
Preloading 0 native plugins for Editor in 0.00 ms.
Mono: successfully reloaded assembly
- Completed reload, in  0.636 seconds
Platform modules already initialized, skipping
Refreshing native plugins compatible for Editor in 0.26 ms, found 2 plugins.
Preloading 0 native plugins for Editor in 0.00 ms.
Unloading 1386 Unused Serialized files (Serialized files now loaded: 0)
System memory in use before: 65.3 MB.
System memory in use after: 65.4 MB.

Unloading 15 unused Assets to reduce memory usage. Loaded Objects now: 1911.
Total: 1.809200 ms (FindLiveObjects: 0.145400 ms CreateObjectMapping: 0.037900 ms MarkObjects: 1.590600 ms  DeleteObjects: 0.034600 ms)

========================================================================
Received Prepare
Registering precompiled user dll's ...
Registered in 0.005136 seconds.
Begin MonoManager ReloadAssembly
Native extension for WindowsStandalone target not found
Refreshing native plugins compatible for Editor in 0.33 ms, found 2 plugins.
Preloading 0 native plugins for Editor in 0.00 ms.
Mono: successfully reloaded assembly
- Completed reload, in  0.640 seconds
Platform modules already initialized, skipping
Refreshing native plugins compatible for Editor in 0.36 ms, found 2 plugins.
Preloading 0 native plugins for Editor in 0.00 ms.
Unloading 1387 Unused Serialized files (Serialized files now loaded: 0)
System memory in use before: 65.4 MB.
System memory in use after: 65.4 MB.

Unloading 14 unused Assets to reduce memory usage. Loaded Objects now: 1915.
Total: 1.763100 ms (FindLiveObjects: 0.144800 ms CreateObjectMapping: 0.033700 ms MarkObjects: 1.543000 ms  DeleteObjects: 0.040800 ms)

========================================================================
Received Import Request.
  Time since last request: 12.683009 seconds.
  path: Assets/Sample2/NewBehaviourScript.cs
  artifactKey: Guid(3e558bbf1741f214ebe1f0aa73ea6e31) Importer(815301076,1909f56bfc062723c751e8b465ee728b)
Start importing Assets/Sample2/NewBehaviourScript.cs using Guid(3e558bbf1741f214ebe1f0aa73ea6e31) Importer(815301076,1909f56bfc062723c751e8b465ee728b)  -> (artifact id: 'a67587ae4c564be8b23ab93ec6623438') in 0.005256 seconds
  Import took 0.006875 seconds .

========================================================================
Received Prepare
Registering precompiled user dll's ...
Registered in 0.005083 seconds.
Begin MonoManager ReloadAssembly
Native extension for WindowsStandalone target not found
Refreshing native plugins compatible for Editor in 0.31 ms, found 2 plugins.
Preloading 0 native plugins for Editor in 0.00 ms.
Mono: successfully reloaded assembly
- Completed reload, in  0.624 seconds
Platform modules already initialized, skipping
Refreshing native plugins compatible for Editor in 0.31 ms, found 2 plugins.
Preloading 0 native plugins for Editor in 0.00 ms.
Unloading 1386 Unused Serialized files (Serialized files now loaded: 0)
System memory in use before: 65.3 MB.
System memory in use after: 65.4 MB.

Unloading 15 unused Assets to reduce memory usage. Loaded Objects now: 1917.
Total: 1.723600 ms (FindLiveObjects: 0.134000 ms CreateObjectMapping: 0.031900 ms MarkObjects: 1.515600 ms  DeleteObjects: 0.041400 ms)

========================================================================
Received Import Request.
  Time since last request: 42.560016 seconds.
  path: Assets/Sample2/Alien.cs
  artifactKey: Guid(4939be568c101174c9fb92058ed46763) Importer(815301076,1909f56bfc062723c751e8b465ee728b)
Start importing Assets/Sample2/Alien.cs using Guid(4939be568c101174c9fb92058ed46763) Importer(815301076,1909f56bfc062723c751e8b465ee728b)  -> (artifact id: 'f6516ebd73f6a3274414f740e0966223') in 0.004884 seconds
  Import took 0.006847 seconds .

========================================================================
Received Prepare
Registering precompiled user dll's ...
Registered in 0.005838 seconds.
Begin MonoManager ReloadAssembly
Native extension for WindowsStandalone target not found
Refreshing native plugins compatible for Editor in 0.35 ms, found 2 plugins.
Preloading 0 native plugins for Editor in 0.00 ms.
Mono: successfully reloaded assembly
- Completed reload, in  0.883 seconds
Platform modules already initialized, skipping
Refreshing native plugins compatible for Editor in 0.30 ms, found 2 plugins.
Preloading 0 native plugins for Editor in 0.00 ms.
Unloading 1387 Unused Serialized files (Serialized files now loaded: 0)
System memory in use before: 65.4 MB.
System memory in use after: 65.4 MB.

Unloading 14 unused Assets to reduce memory usage. Loaded Objects now: 1921.
Total: 1.815700 ms (FindLiveObjects: 0.154500 ms CreateObjectMapping: 0.037600 ms MarkObjects: 1.583000 ms  DeleteObjects: 0.039800 ms)

========================================================================
Received Prepare
Registering precompiled user dll's ...
Registered in 0.005276 seconds.
Begin MonoManager ReloadAssembly
Native extension for WindowsStandalone target not found
Refreshing native plugins compatible for Editor in 0.31 ms, found 2 plugins.
Preloading 0 native plugins for Editor in 0.00 ms.
Mono: successfully reloaded assembly
- Completed reload, in  0.637 seconds
Platform modules already initialized, skipping
Refreshing native plugins compatible for Editor in 0.26 ms, found 2 plugins.
Preloading 0 native plugins for Editor in 0.00 ms.
Unloading 1387 Unused Serialized files (Serialized files now loaded: 0)
System memory in use before: 65.4 MB.
System memory in use after: 65.4 MB.

Unloading 14 unused Assets to reduce memory usage. Loaded Objects now: 1924.
Total: 1.718000 ms (FindLiveObjects: 0.150700 ms CreateObjectMapping: 0.038400 ms MarkObjects: 1.499500 ms  DeleteObjects: 0.028800 ms)

========================================================================
Received Import Request.
  Time since last request: 17.926982 seconds.
  path: Assets/Sample2/Alien.cs
  artifactKey: Guid(4939be568c101174c9fb92058ed46763) Importer(815301076,1909f56bfc062723c751e8b465ee728b)
Start importing Assets/Sample2/Alien.cs using Guid(4939be568c101174c9fb92058ed46763) Importer(815301076,1909f56bfc062723c751e8b465ee728b)  -> (artifact id: '63251fe00491c55827908d84f7e53a46') in 0.004283 seconds
  Import took 0.005902 seconds .

========================================================================
Received Prepare
Registering precompiled user dll's ...
Registered in 0.004906 seconds.
Begin MonoManager ReloadAssembly
Native extension for WindowsStandalone target not found
Refreshing native plugins compatible for Editor in 0.32 ms, found 2 plugins.
Preloading 0 native plugins for Editor in 0.00 ms.
Mono: successfully reloaded assembly
- Completed reload, in  0.643 seconds
Platform modules already initialized, skipping
Refreshing native plugins compatible for Editor in 0.21 ms, found 2 plugins.
Preloading 0 native plugins for Editor in 0.00 ms.
Unloading 1388 Unused Serialized files (Serialized files now loaded: 0)
System memory in use before: 65.4 MB.
System memory in use after: 65.5 MB.

Unloading 14 unused Assets to reduce memory usage. Loaded Objects now: 1928.
Total: 1.698900 ms (FindLiveObjects: 0.143800 ms CreateObjectMapping: 0.038900 ms MarkObjects: 1.484200 ms  DeleteObjects: 0.031100 ms)

========================================================================
Received Prepare
Registering precompiled user dll's ...
Registered in 0.004275 seconds.
Begin MonoManager ReloadAssembly
Native extension for WindowsStandalone target not found
Refreshing native plugins compatible for Editor in 0.32 ms, found 2 plugins.
Preloading 0 native plugins for Editor in 0.00 ms.
Mono: successfully reloaded assembly
- Completed reload, in  0.640 seconds
Platform modules already initialized, skipping
Refreshing native plugins compatible for Editor in 0.20 ms, found 2 plugins.
Preloading 0 native plugins for Editor in 0.00 ms.
Unloading 1387 Unused Serialized files (Serialized files now loaded: 0)
System memory in use before: 65.4 MB.
System memory in use after: 65.5 MB.

Unloading 15 unused Assets to reduce memory usage. Loaded Objects now: 1930.
Total: 1.673500 ms (FindLiveObjects: 0.137500 ms CreateObjectMapping: 0.036900 ms MarkObjects: 1.467800 ms  DeleteObjects: 0.030400 ms)

========================================================================
Received Import Request.
  Time since last request: 27.966974 seconds.
  path: Assets/Sample2/Flyeight.cs
  artifactKey: Guid(3b6d2d4d6be4b1b4b901605fe9b28edd) Importer(815301076,1909f56bfc062723c751e8b465ee728b)
Start importing Assets/Sample2/Flyeight.cs using Guid(3b6d2d4d6be4b1b4b901605fe9b28edd) Importer(815301076,1909f56bfc062723c751e8b465ee728b)  -> (artifact id: 'dc6da57ac62eb10822d1546a21c0b7f3') in 0.005317 seconds
  Import took 0.007313 seconds .

========================================================================
Received Prepare
Registering precompiled user dll's ...
Registered in 0.004929 seconds.
Begin MonoManager ReloadAssembly
Native extension for WindowsStandalone target not found
Refreshing native plugins compatible for Editor in 0.33 ms, found 2 plugins.
Preloading 0 native plugins for Editor in 0.00 ms.
Mono: successfully reloaded assembly
- Completed reload, in  0.658 seconds
Platform modules already initialized, skipping
Refreshing native plugins compatible for Editor in 0.30 ms, found 2 plugins.
Preloading 0 native plugins for Editor in 0.00 ms.
Unloading 1388 Unused Serialized files (Serialized files now loaded: 0)
System memory in use before: 65.4 MB.
System memory in use after: 65.5 MB.

Unloading 14 unused Assets to reduce memory usage. Loaded Objects now: 1934.
Total: 1.989500 ms (FindLiveObjects: 0.173800 ms CreateObjectMapping: 0.048600 ms MarkObjects: 1.721200 ms  DeleteObjects: 0.044700 ms)

========================================================================
Received Prepare
Registering precompiled user dll's ...
Registered in 0.005277 seconds.
Begin MonoManager ReloadAssembly
Native extension for WindowsStandalone target not found
Refreshing native plugins compatible for Editor in 0.32 ms, found 2 plugins.
Preloading 0 native plugins for Editor in 0.00 ms.
Mono: successfully reloaded assembly
- Completed reload, in  0.643 seconds
Platform modules already initialized, skipping
Refreshing native plugins compatible for Editor in 0.25 ms, found 2 plugins.
Preloading 0 native plugins for Editor in 0.00 ms.
Unloading 1387 Unused Serialized files (Serialized files now loaded: 0)
System memory in use before: 65.4 MB.
System memory in use after: 65.5 MB.

Unloading 15 unused Assets to reduce memory usage. Loaded Objects now: 1936.
Total: 1.708800 ms (FindLiveObjects: 0.151400 ms CreateObjectMapping: 0.037900 ms MarkObjects: 1.489400 ms  DeleteObjects: 0.029500 ms)

========================================================================
Received Import Request.
  Time since last request: 19.074708 seconds.
  path: Assets/Sample2/Flywaight.cs
  artifactKey: Guid(8d55530a4cacf894fa00b6a55b0e34a1) Importer(815301076,1909f56bfc062723c751e8b465ee728b)
Start importing Assets/Sample2/Flywaight.cs using Guid(8d55530a4cacf894fa00b6a55b0e34a1) Importer(815301076,1909f56bfc062723c751e8b465ee728b)  -> (artifact id: '9a671e5f716f4a1ff796ceb8730bce7c') in 0.005031 seconds
  Import took 0.006944 seconds .

========================================================================
Received Prepare
Registering precompiled user dll's ...
Registered in 0.005264 seconds.
Begin MonoManager ReloadAssembly
Native extension for WindowsStandalone target not found
Refreshing native plugins compatible for Editor in 0.31 ms, found 2 plugins.
Preloading 0 native plugins for Editor in 0.00 ms.
Mono: successfully reloaded assembly
- Completed reload, in  0.636 seconds
Platform modules already initialized, skipping
Refreshing native plugins compatible for Editor in 0.24 ms, found 2 plugins.
Preloading 0 native plugins for Editor in 0.00 ms.
Unloading 1388 Unused Serialized files (Serialized files now loaded: 0)
System memory in use before: 65.4 MB.
System memory in use after: 65.5 MB.

Unloading 14 unused Assets to reduce memory usage. Loaded Objects now: 1940.
Total: 1.646600 ms (FindLiveObjects: 0.134900 ms CreateObjectMapping: 0.039000 ms MarkObjects: 1.440400 ms  DeleteObjects: 0.031700 ms)

========================================================================
Received Prepare
Registering precompiled user dll's ...
Registered in 0.004843 seconds.
Begin MonoManager ReloadAssembly
Native extension for WindowsStandalone target not found
Refreshing native plugins compatible for Editor in 0.31 ms, found 2 plugins.
Preloading 0 native plugins for Editor in 0.00 ms.
Mono: successfully reloaded assembly
- Completed reload, in  0.635 seconds
Platform modules already initialized, skipping
Refreshing native plugins compatible for Editor in 0.23 ms, found 2 plugins.
Preloading 0 native plugins for Editor in 0.00 ms.
Unloading 1387 Unused Serialized files (Serialized files now loaded: 0)
System memory in use before: 65.4 MB.
System memory in use after: 65.5 MB.

Unloading 15 unused Assets to reduce memory usage. Loaded Objects now: 1942.
Total: 1.668800 ms (FindLiveObjects: 0.140400 ms CreateObjectMapping: 0.036700 ms MarkObjects: 1.460200 ms  DeleteObjects: 0.030800 ms)

========================================================================
Received Import Request.
  Time since last request: 19.563471 seconds.
  path: Assets/Sample2/Flyweight.cs
  artifactKey: Guid(72d5e974b39e63445b542a6d284c6577) Importer(815301076,1909f56bfc062723c751e8b465ee728b)
Start importing Assets/Sample2/Flyweight.cs using Guid(72d5e974b39e63445b542a6d284c6577) Importer(815301076,1909f56bfc062723c751e8b465ee728b)  -> (artifact id: 'e3bc644393334dd4ab33009623f557bd') in 0.005489 seconds
  Import took 0.007460 seconds .

========================================================================
Received Prepare
Registering precompiled user dll's ...
Registered in 0.005026 seconds.
Begin MonoManager ReloadAssembly
Native extension for WindowsStandalone target not found
Refreshing native plugins compatible for Editor in 0.32 ms, found 2 plugins.
Preloading 0 native plugins for Editor in 0.00 ms.
Mono: successfully reloaded assembly
- Completed reload, in  0.652 seconds
Platform modules already initialized, skipping
Refreshing native plugins compatible for Editor in 0.29 ms, found 2 plugins.
Preloading 0 native plugins for Editor in 0.00 ms.
Unloading 1388 Unused Serialized files (Serialized files now loaded: 0)
System memory in use before: 65.4 MB.
System memory in use after: 65.5 MB.

Unloading 14 unused Assets to reduce memory usage. Loaded Objects now: 1946.
Total: 1.806000 ms (FindLiveObjects: 0.161600 ms CreateObjectMapping: 0.040300 ms MarkObjects: 1.561500 ms  DeleteObjects: 0.041900 ms)

========================================================================
Received Prepare
Registering precompiled user dll's ...
Registered in 0.005000 seconds.
Begin MonoManager ReloadAssembly
Native extension for WindowsStandalone target not found
Refreshing native plugins compatible for Editor in 0.34 ms, found 2 plugins.
Preloading 0 native plugins for Editor in 0.00 ms.
Mono: successfully reloaded assembly
- Completed reload, in  0.642 seconds
Platform modules already initialized, skipping
Refreshing native plugins compatible for Editor in 0.24 ms, found 2 plugins.
Preloading 0 native plugins for Editor in 0.00 ms.
Unloading 1388 Unused Serialized files (Serialized files now loaded: 0)
System memory in use before: 65.4 MB.
System memory in use after: 65.5 MB.

Unloading 14 unused Assets to reduce memory usage. Loaded Objects now: 1949.
Total: 1.763100 ms (FindLiveObjects: 0.139400 ms CreateObjectMapping: 0.032800 ms MarkObjects: 1.558100 ms  DeleteObjects: 0.032100 ms)

========================================================================
Received Import Request.
  Time since last request: 60.525624 seconds.
  path: Assets/Sample2/Flyweight.cs
  artifactKey: Guid(72d5e974b39e63445b542a6d284c6577) Importer(815301076,1909f56bfc062723c751e8b465ee728b)
Start importing Assets/Sample2/Flyweight.cs using Guid(72d5e974b39e63445b542a6d284c6577) Importer(815301076,1909f56bfc062723c751e8b465ee728b)  -> (artifact id: '63725b1f2a9e86a34bc1ff3b9b3e5aa3') in 0.009338 seconds
  Import took 0.010799 seconds .

========================================================================
Received Prepare
Registering precompiled user dll's ...
Registered in 0.006429 seconds.
Begin MonoManager ReloadAssembly
Native extension for WindowsStandalone target not found
Refreshing native plugins compatible for Editor in 0.36 ms, found 2 plugins.
Preloading 0 native plugins for Editor in 0.00 ms.
Mono: successfully reloaded assembly
- Completed reload, in  0.869 seconds
Platform modules already initialized, skipping
Refreshing native plugins compatible for Editor in 0.36 ms, found 2 plugins.
Preloading 0 native plugins for Editor in 0.00 ms.
Unloading 1388 Unused Serialized files (Serialized files now loaded: 0)
System memory in use before: 65.4 MB.
System memory in use after: 65.5 MB.

Unloading 14 unused Assets to reduce memory usage. Loaded Objects now: 1952.
Total: 1.968500 ms (FindLiveObjects: 0.170700 ms CreateObjectMapping: 0.045100 ms MarkObjects: 1.710200 ms  DeleteObjects: 0.041900 ms)

========================================================================
Received Prepare
Registering precompiled user dll's ...
Registered in 0.004697 seconds.
Begin MonoManager ReloadAssembly
Native extension for WindowsStandalone target not found
Refreshing native plugins compatible for Editor in 0.32 ms, found 2 plugins.
Preloading 0 native plugins for Editor in 0.00 ms.
Mono: successfully reloaded assembly
- Completed reload, in  0.636 seconds
Platform modules already initialized, skipping
Refreshing native plugins compatible for Editor in 0.26 ms, found 2 plugins.
Preloading 0 native plugins for Editor in 0.00 ms.
Unloading 1388 Unused Serialized files (Serialized files now loaded: 0)
System memory in use before: 65.4 MB.
System memory in use after: 65.5 MB.

Unloading 14 unused Assets to reduce memory usage. Loaded Objects now: 1955.
Total: 1.715300 ms (FindLiveObjects: 0.151800 ms CreateObjectMapping: 0.034700 ms MarkObjects: 1.495200 ms  DeleteObjects: 0.032900 ms)

========================================================================
Received Prepare
Registering precompiled user dll's ...
Registered in 0.004672 seconds.
Begin MonoManager ReloadAssembly
Native extension for WindowsStandalone target not found
Refreshing native plugins compatible for Editor in 0.32 ms, found 2 plugins.
Preloading 0 native plugins for Editor in 0.00 ms.
Mono: successfully reloaded assembly
- Completed reload, in  0.644 seconds
Platform modules already initialized, skipping
Refreshing native plugins compatible for Editor in 0.24 ms, found 2 plugins.
Preloading 0 native plugins for Editor in 0.00 ms.
Unloading 1388 Unused Serialized files (Serialized files now loaded: 0)
System memory in use before: 65.4 MB.
System memory in use after: 65.5 MB.

Unloading 14 unused Assets to reduce memory usage. Loaded Objects now: 1958.
Total: 1.760100 ms (FindLiveObjects: 0.147900 ms CreateObjectMapping: 0.038000 ms MarkObjects: 1.540800 ms  DeleteObjects: 0.032500 ms)

========================================================================
Received Import Request.
  Time since last request: 588.813916 seconds.
  path: Assets/Sample3
  artifactKey: Guid(7fc3f6b6b12d35f4f86ded39a75856d4) Importer(815301076,1909f56bfc062723c751e8b465ee728b)
Start importing Assets/Sample3 using Guid(7fc3f6b6b12d35f4f86ded39a75856d4) Importer(815301076,1909f56bfc062723c751e8b465ee728b)  -> (artifact id: 'e72ac82cc181d0cd5c85ffa2cd054d59') in 0.005286 seconds
  Import took 0.007679 seconds .

========================================================================
Received Import Request.
  Time since last request: 764.973899 seconds.
  path: Assets/Sample3/WeaponData.cs
  artifactKey: Guid(1c823988b41cb8642a1c22e6d42115db) Importer(815301076,1909f56bfc062723c751e8b465ee728b)
Start importing Assets/Sample3/WeaponData.cs using Guid(1c823988b41cb8642a1c22e6d42115db) Importer(815301076,1909f56bfc062723c751e8b465ee728b)  -> (artifact id: '7f8c698bcd31e71a08b2dbf7076e8378') in 0.002746 seconds
  Import took 0.005281 seconds .

========================================================================
Received Prepare
Registering precompiled user dll's ...
Registered in 0.004926 seconds.
Begin MonoManager ReloadAssembly
Native extension for WindowsStandalone target not found
Refreshing native plugins compatible for Editor in 0.32 ms, found 2 plugins.
Preloading 0 native plugins for Editor in 0.00 ms.
Mono: successfully reloaded assembly
- Completed reload, in  0.689 seconds
Platform modules already initialized, skipping
Refreshing native plugins compatible for Editor in 0.31 ms, found 2 plugins.
Preloading 0 native plugins for Editor in 0.00 ms.
Unloading 1389 Unused Serialized files (Serialized files now loaded: 0)
System memory in use before: 65.5 MB.
System memory in use after: 65.5 MB.

Unloading 14 unused Assets to reduce memory usage. Loaded Objects now: 1962.
Total: 2.302600 ms (FindLiveObjects: 0.178200 ms CreateObjectMapping: 0.059300 ms MarkObjects: 1.992300 ms  DeleteObjects: 0.071900 ms)

========================================================================
Received Prepare
Registering precompiled user dll's ...
Registered in 0.005234 seconds.
Begin MonoManager ReloadAssembly
Native extension for WindowsStandalone target not found
Refreshing native plugins compatible for Editor in 0.32 ms, found 2 plugins.
Preloading 0 native plugins for Editor in 0.00 ms.
Mono: successfully reloaded assembly
- Completed reload, in  0.640 seconds
Platform modules already initialized, skipping
Refreshing native plugins compatible for Editor in 0.23 ms, found 2 plugins.
Preloading 0 native plugins for Editor in 0.00 ms.
Unloading 1389 Unused Serialized files (Serialized files now loaded: 0)
System memory in use before: 65.5 MB.
System memory in use after: 65.6 MB.

Unloading 14 unused Assets to reduce memory usage. Loaded Objects now: 1965.
Total: 1.653500 ms (FindLiveObjects: 0.140700 ms CreateObjectMapping: 0.032600 ms MarkObjects: 1.449200 ms  DeleteObjects: 0.030500 ms)

========================================================================
Received Import Request.
  Time since last request: 263.425062 seconds.
  path: Assets/Sample3/WeaponData.cs
  artifactKey: Guid(1c823988b41cb8642a1c22e6d42115db) Importer(815301076,1909f56bfc062723c751e8b465ee728b)
Start importing Assets/Sample3/WeaponData.cs using Guid(1c823988b41cb8642a1c22e6d42115db) Importer(815301076,1909f56bfc062723c751e8b465ee728b)  -> (artifact id: '8d106c59c43a5513ed17183d9dd0f235') in 0.004182 seconds
  Import took 0.006093 seconds .

========================================================================
Received Prepare
Registering precompiled user dll's ...
Registered in 0.004990 seconds.
Begin MonoManager ReloadAssembly
Native extension for WindowsStandalone target not found
Refreshing native plugins compatible for Editor in 0.32 ms, found 2 plugins.
Preloading 0 native plugins for Editor in 0.00 ms.
Mono: successfully reloaded assembly
- Completed reload, in  0.616 seconds
Platform modules already initialized, skipping
Refreshing native plugins compatible for Editor in 0.26 ms, found 2 plugins.
Preloading 0 native plugins for Editor in 0.00 ms.
Unloading 1389 Unused Serialized files (Serialized files now loaded: 0)
System memory in use before: 65.5 MB.
System memory in use after: 65.6 MB.

Unloading 14 unused Assets to reduce memory usage. Loaded Objects now: 1968.
Total: 1.661500 ms (FindLiveObjects: 0.148300 ms CreateObjectMapping: 0.033200 ms MarkObjects: 1.448400 ms  DeleteObjects: 0.031000 ms)

========================================================================
Received Import Request.
  Time since last request: 1086.838465 seconds.
  path: Assets/Sample3/Sword.asset
  artifactKey: Guid(2bedc955d802e8f41a315e2205cd8825) Importer(815301076,1909f56bfc062723c751e8b465ee728b)
Start importing Assets/Sample3/Sword.asset using Guid(2bedc955d802e8f41a315e2205cd8825) Importer(815301076,1909f56bfc062723c751e8b465ee728b)  -> (artifact id: 'fb94b9085692d4f7c556706b540ec4f3') in 0.056568 seconds
  Import took 0.058845 seconds .

========================================================================
Received Import Request.
  Time since last request: 5.490744 seconds.
  path: Assets/Sample3/Axe.asset
  artifactKey: Guid(6c283b415eb39094585dbb0b9ac51fae) Importer(815301076,1909f56bfc062723c751e8b465ee728b)
Start importing Assets/Sample3/Axe.asset using Guid(6c283b415eb39094585dbb0b9ac51fae) Importer(815301076,1909f56bfc062723c751e8b465ee728b)  -> (artifact id: 'a475448265223d3a6642dad523d4261f') in 0.003309 seconds
  Import took 0.005294 seconds .

========================================================================
Received Prepare
Registering precompiled user dll's ...
Registered in 0.005232 seconds.
Begin MonoManager ReloadAssembly
Native extension for WindowsStandalone target not found
Refreshing native plugins compatible for Editor in 0.33 ms, found 2 plugins.
Preloading 0 native plugins for Editor in 0.00 ms.
Mono: successfully reloaded assembly
- Completed reload, in  0.650 seconds
Platform modules already initialized, skipping
Refreshing native plugins compatible for Editor in 0.27 ms, found 2 plugins.
Preloading 0 native plugins for Editor in 0.00 ms.
Unloading 1390 Unused Serialized files (Serialized files now loaded: 0)
System memory in use before: 65.5 MB.
System memory in use after: 65.6 MB.

Unloading 14 unused Assets to reduce memory usage. Loaded Objects now: 1972.
Total: 2.080600 ms (FindLiveObjects: 0.181600 ms CreateObjectMapping: 0.046600 ms MarkObjects: 1.810800 ms  DeleteObjects: 0.040600 ms)

========================================================================
Received Import Request.
  Time since last request: 56.713245 seconds.
  path: Assets/Sample3/NewBehaviourScript.cs
  artifactKey: Guid(d180a2fbf0c7f524f89f72875fad0c00) Importer(815301076,1909f56bfc062723c751e8b465ee728b)
Start importing Assets/Sample3/NewBehaviourScript.cs using Guid(d180a2fbf0c7f524f89f72875fad0c00) Importer(815301076,1909f56bfc062723c751e8b465ee728b)  -> (artifact id: '4ec80308d7951ee630f70170f2338430') in 0.004439 seconds
  Import took 0.006007 seconds .

========================================================================
Received Prepare
Registering precompiled user dll's ...
Registered in 0.005308 seconds.
Begin MonoManager ReloadAssembly
Native extension for WindowsStandalone target not found
Refreshing native plugins compatible for Editor in 0.31 ms, found 2 plugins.
Preloading 0 native plugins for Editor in 0.00 ms.
Mono: successfully reloaded assembly
- Completed reload, in  0.631 seconds
Platform modules already initialized, skipping
Refreshing native plugins compatible for Editor in 0.37 ms, found 2 plugins.
Preloading 0 native plugins for Editor in 0.00 ms.
Unloading 1389 Unused Serialized files (Serialized files now loaded: 0)
System memory in use before: 65.5 MB.
System memory in use after: 65.6 MB.

Unloading 15 unused Assets to reduce memory usage. Loaded Objects now: 1974.
Total: 1.776100 ms (FindLiveObjects: 0.146700 ms CreateObjectMapping: 0.034100 ms MarkObjects: 1.560500 ms  DeleteObjects: 0.034200 ms)

========================================================================
Received Import Request.
  Time since last request: 32.563833 seconds.
  path: Assets/Sample3/Weapon.cs
  artifactKey: Guid(1ad81374eb65f734b8d5335f4c5d2c26) Importer(815301076,1909f56bfc062723c751e8b465ee728b)
Start importing Assets/Sample3/Weapon.cs using Guid(1ad81374eb65f734b8d5335f4c5d2c26) Importer(815301076,1909f56bfc062723c751e8b465ee728b)  -> (artifact id: '1f737b8ae69c54d7294b439bf4f07d01') in 0.005013 seconds
  Import took 0.007661 seconds .

========================================================================
Received Prepare
Registering precompiled user dll's ...
Registered in 0.005224 seconds.
Begin MonoManager ReloadAssembly
Native extension for WindowsStandalone target not found
Refreshing native plugins compatible for Editor in 0.32 ms, found 2 plugins.
Preloading 0 native plugins for Editor in 0.00 ms.
Mono: successfully reloaded assembly
- Completed reload, in  0.649 seconds
Platform modules already initialized, skipping
Refreshing native plugins compatible for Editor in 0.29 ms, found 2 plugins.
Preloading 0 native plugins for Editor in 0.00 ms.
Unloading 1390 Unused Serialized files (Serialized files now loaded: 0)
System memory in use before: 65.5 MB.
System memory in use after: 65.6 MB.

Unloading 14 unused Assets to reduce memory usage. Loaded Objects now: 1978.
Total: 1.768200 ms (FindLiveObjects: 0.159900 ms CreateObjectMapping: 0.040200 ms MarkObjects: 1.531500 ms  DeleteObjects: 0.035800 ms)

========================================================================
Received Prepare
Registering precompiled user dll's ...
Registered in 0.005169 seconds.
Begin MonoManager ReloadAssembly
Native extension for WindowsStandalone target not found
Refreshing native plugins compatible for Editor in 0.32 ms, found 2 plugins.
Preloading 0 native plugins for Editor in 0.00 ms.
Mono: successfully reloaded assembly
- Completed reload, in  0.637 seconds
Platform modules already initialized, skipping
Refreshing native plugins compatible for Editor in 0.27 ms, found 2 plugins.
Preloading 0 native plugins for Editor in 0.00 ms.
Unloading 1390 Unused Serialized files (Serialized files now loaded: 0)
System memory in use before: 65.5 MB.
System memory in use after: 65.6 MB.

Unloading 14 unused Assets to reduce memory usage. Loaded Objects now: 1981.
Total: 1.876100 ms (FindLiveObjects: 0.168400 ms CreateObjectMapping: 0.039600 ms MarkObjects: 1.630900 ms  DeleteObjects: 0.036600 ms)

========================================================================
Received Import Request.
  Time since last request: 75.339138 seconds.
  path: Assets/Sample3/Weapon.cs
  artifactKey: Guid(1ad81374eb65f734b8d5335f4c5d2c26) Importer(815301076,1909f56bfc062723c751e8b465ee728b)
Start importing Assets/Sample3/Weapon.cs using Guid(1ad81374eb65f734b8d5335f4c5d2c26) Importer(815301076,1909f56bfc062723c751e8b465ee728b)  -> (artifact id: '7313bdf187a1000477560a11cb3f3599') in 0.004853 seconds
  Import took 0.011936 seconds .

========================================================================
Received Import Request.
  Time since last request: 18.600939 seconds.
  path: Assets/Sample3/Axe.asset
  artifactKey: Guid(6c283b415eb39094585dbb0b9ac51fae) Importer(815301076,1909f56bfc062723c751e8b465ee728b)
Start importing Assets/Sample3/Axe.asset using Guid(6c283b415eb39094585dbb0b9ac51fae) Importer(815301076,1909f56bfc062723c751e8b465ee728b)  -> (artifact id: '5370d2047377e2b5ca19695884d54367') in 0.008327 seconds
  Import took 0.010389 seconds .

========================================================================
Received Import Request.
  Time since last request: 0.000136 seconds.
  path: Assets/Sample3/Sword.asset
  artifactKey: Guid(2bedc955d802e8f41a315e2205cd8825) Importer(815301076,1909f56bfc062723c751e8b465ee728b)
Start importing Assets/Sample3/Sword.asset using Guid(2bedc955d802e8f41a315e2205cd8825) Importer(815301076,1909f56bfc062723c751e8b465ee728b)  -> (artifact id: '56250d8290cb6189e2985513ab3a0912') in 0.002703 seconds
  Import took 0.004253 seconds .

========================================================================
Received Prepare
Registering precompiled user dll's ...
Registered in 0.005346 seconds.
Begin MonoManager ReloadAssembly
Native extension for WindowsStandalone target not found
Refreshing native plugins compatible for Editor in 0.32 ms, found 2 plugins.
Preloading 0 native plugins for Editor in 0.00 ms.
Mono: successfully reloaded assembly
- Completed reload, in  0.661 seconds
Platform modules already initialized, skipping
Refreshing native plugins compatible for Editor in 0.30 ms, found 2 plugins.
Preloading 0 native plugins for Editor in 0.00 ms.
Unloading 1390 Unused Serialized files (Serialized files now loaded: 0)
System memory in use before: 65.5 MB.
System memory in use after: 65.6 MB.

Unloading 14 unused Assets to reduce memory usage. Loaded Objects now: 1984.
Total: 1.984500 ms (FindLiveObjects: 0.170400 ms CreateObjectMapping: 0.034900 ms MarkObjects: 1.731700 ms  DeleteObjects: 0.046600 ms)

AssetImportWorkerClient::OnTransportError - code=2 error=End of file
